CHECKPOINT_STATUS stage=before_repair name=soft dest=/home/rsadve1/Deep_Unfolding_FR3_20260319/results_twc/checkpoints/soft.npz dest_exists=1 dest_valid=1 valid_train_candidates=1 git_available=1 git_repo_ok=1 git_head_present=- git_candidates=results_twc/checkpoints/soft.npz
CHECKPOINT_STATUS stage=before_repair name=cognitive dest=/home/rsadve1/Deep_Unfolding_FR3_20260319/results_twc/checkpoints/cognitive.npz dest_exists=1 dest_valid=1 valid_train_candidates=1 git_available=1 git_repo_ok=1 git_head_present=- git_candidates=results_twc/checkpoints/cognitive.npz
CHECKPOINT_STATUS stage=after_repair name=soft dest=/home/rsadve1/Deep_Unfolding_FR3_20260319/results_twc/checkpoints/soft.npz dest_exists=1 dest_valid=1 valid_train_candidates=1 git_available=1 git_repo_ok=1 git_head_present=- git_candidates=results_twc/checkpoints/soft.npz
CHECKPOINT_STATUS stage=after_repair name=cognitive dest=/home/rsadve1/Deep_Unfolding_FR3_20260319/results_twc/checkpoints/cognitive.npz dest_exists=1 dest_valid=1 valid_train_candidates=1 git_available=1 git_repo_ok=1 git_head_present=- git_candidates=results_twc/checkpoints/cognitive.npz
PREFLIGHT_OK mode=selectivity
finished tau=10.0 ns batch=0
finished tau=10.0 ns batch=1
finished tau=10.0 ns batch=2
finished tau=10.0 ns batch=3
finished tau=10.0 ns batch=4
finished tau=10.0 ns batch=5
finished tau=10.0 ns batch=6
finished tau=10.0 ns batch=7
finished tau=10.0 ns batch=8
finished tau=10.0 ns batch=9
finished tau=10.0 ns batch=10
finished tau=10.0 ns batch=11
finished tau=10.0 ns batch=12
finished tau=10.0 ns batch=13
finished tau=10.0 ns batch=14
finished tau=10.0 ns batch=15
finished tau=10.0 ns batch=16
finished tau=10.0 ns batch=17
finished tau=10.0 ns batch=18
finished tau=10.0 ns batch=19
finished tau=10.0 ns batch=20
finished tau=10.0 ns batch=21
finished tau=10.0 ns batch=22
finished tau=10.0 ns batch=23
finished tau=10.0 ns batch=24
finished tau=10.0 ns batch=25
finished tau=10.0 ns batch=26
finished tau=10.0 ns batch=27
finished tau=10.0 ns batch=28
finished tau=10.0 ns batch=29
finished tau=10.0 ns batch=30
finished tau=10.0 ns batch=31
finished tau=20.0 ns batch=0
finished tau=20.0 ns batch=1
finished tau=20.0 ns batch=2
finished tau=20.0 ns batch=3
finished tau=20.0 ns batch=4
finished tau=20.0 ns batch=5
finished tau=20.0 ns batch=6
finished tau=20.0 ns batch=7
finished tau=20.0 ns batch=8
finished tau=20.0 ns batch=9
finished tau=20.0 ns batch=10
finished tau=20.0 ns batch=11
finished tau=20.0 ns batch=12
finished tau=20.0 ns batch=13
finished tau=20.0 ns batch=14
finished tau=20.0 ns batch=15
finished tau=20.0 ns batch=16
finished tau=20.0 ns batch=17
finished tau=20.0 ns batch=18
finished tau=20.0 ns batch=19
finished tau=20.0 ns batch=20
finished tau=20.0 ns batch=21
finished tau=20.0 ns batch=22
finished tau=20.0 ns batch=23
finished tau=20.0 ns batch=24
finished tau=20.0 ns batch=25
finished tau=20.0 ns batch=26
finished tau=20.0 ns batch=27
finished tau=20.0 ns batch=28
finished tau=20.0 ns batch=29
finished tau=20.0 ns batch=30
finished tau=20.0 ns batch=31
finished tau=50.0 ns batch=0
finished tau=50.0 ns batch=1
finished tau=50.0 ns batch=2
finished tau=50.0 ns batch=3
finished tau=50.0 ns batch=4
finished tau=50.0 ns batch=5
finished tau=50.0 ns batch=6
finished tau=50.0 ns batch=7
finished tau=50.0 ns batch=8
finished tau=50.0 ns batch=9
finished tau=50.0 ns batch=10
finished tau=50.0 ns batch=11
finished tau=50.0 ns batch=12
finished tau=50.0 ns batch=13
finished tau=50.0 ns batch=14
finished tau=50.0 ns batch=15
finished tau=50.0 ns batch=16
finished tau=50.0 ns batch=17
finished tau=50.0 ns batch=18
finished tau=50.0 ns batch=19
finished tau=50.0 ns batch=20
finished tau=50.0 ns batch=21
finished tau=50.0 ns batch=22
finished tau=50.0 ns batch=23
finished tau=50.0 ns batch=24
finished tau=50.0 ns batch=25
finished tau=50.0 ns batch=26
finished tau=50.0 ns batch=27
finished tau=50.0 ns batch=28
finished tau=50.0 ns batch=29
finished tau=50.0 ns batch=30
finished tau=50.0 ns batch=31
finished tau=100.0 ns batch=0
finished tau=100.0 ns batch=1
finished tau=100.0 ns batch=2
finished tau=100.0 ns batch=3
finished tau=100.0 ns batch=4
finished tau=100.0 ns batch=5
finished tau=100.0 ns batch=6
finished tau=100.0 ns batch=7
finished tau=100.0 ns batch=8
finished tau=100.0 ns batch=9
finished tau=100.0 ns batch=10
finished tau=100.0 ns batch=11
finished tau=100.0 ns batch=12
finished tau=100.0 ns batch=13
finished tau=100.0 ns batch=14
finished tau=100.0 ns batch=15
finished tau=100.0 ns batch=16
finished tau=100.0 ns batch=17
finished tau=100.0 ns batch=18
finished tau=100.0 ns batch=19
finished tau=100.0 ns batch=20
finished tau=100.0 ns batch=21
finished tau=100.0 ns batch=22
finished tau=100.0 ns batch=23
finished tau=100.0 ns batch=24
finished tau=100.0 ns batch=25
finished tau=100.0 ns batch=26
finished tau=100.0 ns batch=27
finished tau=100.0 ns batch=28
finished tau=100.0 ns batch=29
finished tau=100.0 ns batch=30
finished tau=100.0 ns batch=31
finished tau=200.0 ns batch=0
finished tau=200.0 ns batch=1
finished tau=200.0 ns batch=2
finished tau=200.0 ns batch=3
finished tau=200.0 ns batch=4
finished tau=200.0 ns batch=5
finished tau=200.0 ns batch=6
finished tau=200.0 ns batch=7
finished tau=200.0 ns batch=8
finished tau=200.0 ns batch=9
finished tau=200.0 ns batch=10
finished tau=200.0 ns batch=11
finished tau=200.0 ns batch=12
finished tau=200.0 ns batch=13
finished tau=200.0 ns batch=14
finished tau=200.0 ns batch=15
finished tau=200.0 ns batch=16
finished tau=200.0 ns batch=17
finished tau=200.0 ns batch=18
finished tau=200.0 ns batch=19
finished tau=200.0 ns batch=20
finished tau=200.0 ns batch=21
finished tau=200.0 ns batch=22
finished tau=200.0 ns batch=23
finished tau=200.0 ns batch=24
finished tau=200.0 ns batch=25
finished tau=200.0 ns batch=26
finished tau=200.0 ns batch=27
finished tau=200.0 ns batch=28
finished tau=200.0 ns batch=29
finished tau=200.0 ns batch=30
finished tau=200.0 ns batch=31
finished tau=400.0 ns batch=0
finished tau=400.0 ns batch=1
finished tau=400.0 ns batch=2
finished tau=400.0 ns batch=3
finished tau=400.0 ns batch=4
finished tau=400.0 ns batch=5
finished tau=400.0 ns batch=6
finished tau=400.0 ns batch=7
finished tau=400.0 ns batch=8
finished tau=400.0 ns batch=9
finished tau=400.0 ns batch=10
finished tau=400.0 ns batch=11
finished tau=400.0 ns batch=12
finished tau=400.0 ns batch=13
finished tau=400.0 ns batch=14
finished tau=400.0 ns batch=15
finished tau=400.0 ns batch=16
finished tau=400.0 ns batch=17
finished tau=400.0 ns batch=18
finished tau=400.0 ns batch=19
finished tau=400.0 ns batch=20
finished tau=400.0 ns batch=21
finished tau=400.0 ns batch=22
finished tau=400.0 ns batch=23
finished tau=400.0 ns batch=24
finished tau=400.0 ns batch=25
finished tau=400.0 ns batch=26
finished tau=400.0 ns batch=27
finished tau=400.0 ns batch=28
finished tau=400.0 ns batch=29
finished tau=400.0 ns batch=30
finished tau=400.0 ns batch=31
finished tau=800.0 ns batch=0
finished tau=800.0 ns batch=1
finished tau=800.0 ns batch=2
finished tau=800.0 ns batch=3
finished tau=800.0 ns batch=4
finished tau=800.0 ns batch=5
finished tau=800.0 ns batch=6
finished tau=800.0 ns batch=7
finished tau=800.0 ns batch=8
finished tau=800.0 ns batch=9
finished tau=800.0 ns batch=10
finished tau=800.0 ns batch=11
finished tau=800.0 ns batch=12
finished tau=800.0 ns batch=13
finished tau=800.0 ns batch=14
finished tau=800.0 ns batch=15
finished tau=800.0 ns batch=16
finished tau=800.0 ns batch=17
finished tau=800.0 ns batch=18
finished tau=800.0 ns batch=19
finished tau=800.0 ns batch=20
finished tau=800.0 ns batch=21
finished tau=800.0 ns batch=22
finished tau=800.0 ns batch=23
finished tau=800.0 ns batch=24
finished tau=800.0 ns batch=25
finished tau=800.0 ns batch=26
finished tau=800.0 ns batch=27
finished tau=800.0 ns batch=28
finished tau=800.0 ns batch=29
finished tau=800.0 ns batch=30
finished tau=800.0 ns batch=31
Saved selectivity suite to: results_twc/selectivity_20260327_195506
