2026-03-23 22:52:29.153977: E external/local_xla/xla/stream_executor/cuda/cuda_fft.cc:485] Unable to register cuFFT factory: Attempting to register factory for plugin cuFFT when one has already been registered
2026-03-23 22:52:29.300559: E external/local_xla/xla/stream_executor/cuda/cuda_dnn.cc:8454] Unable to register cuDNN factory: Attempting to register factory for plugin cuDNN when one has already been registered
2026-03-23 22:52:29.349361: E external/local_xla/xla/stream_executor/cuda/cuda_blas.cc:1452] Unable to register cuBLAS factory: Attempting to register factory for plugin cuBLAS when one has already been registered
2026-03-23 22:52:29.714623: I tensorflow/core/platform/cpu_feature_guard.cc:210] This TensorFlow binary is optimized to use available CPU instructions in performance-critical operations.
To enable the following instructions: AVX2 FMA, in other operations, rebuild TensorFlow with the appropriate compiler flags.
2026-03-23 22:52:31.931070: W tensorflow/compiler/tf2tensorrt/utils/py_utils.cc:38] TF-TRT Warning: Could not find TensorRT
2026-03-23 22:52:36.398054: W tensorflow/core/common_runtime/gpu/gpu_bfc_allocator.cc:47] Overriding orig_value setting because the TF_FORCE_GPU_ALLOW_GROWTH environment variable is set. Original config value was 0.
2026-03-23 22:52:36.399285: I tensorflow/core/common_runtime/gpu/gpu_device.cc:2021] Created device /job:localhost/replica:0/task:0/device:GPU:0 with 38484 MB memory:  -> device: 0, name: NVIDIA A100-SXM4-40GB, pci bus id: 0000:01:00.0, compute capability: 8.0
2026-03-23 22:52:38.478895: I tensorflow/core/util/cuda_solvers.cc:178] Creating GpuSolver handles for stream 0x559de050e960
finished tau=10.0 ns batch=0
finished tau=10.0 ns batch=1
finished tau=10.0 ns batch=2
finished tau=10.0 ns batch=3
finished tau=10.0 ns batch=4
finished tau=10.0 ns batch=5
finished tau=10.0 ns batch=6
finished tau=10.0 ns batch=7
finished tau=10.0 ns batch=8
finished tau=10.0 ns batch=9
finished tau=10.0 ns batch=10
finished tau=10.0 ns batch=11
finished tau=10.0 ns batch=12
finished tau=10.0 ns batch=13
finished tau=10.0 ns batch=14
finished tau=10.0 ns batch=15
finished tau=10.0 ns batch=16
finished tau=10.0 ns batch=17
finished tau=10.0 ns batch=18
finished tau=10.0 ns batch=19
finished tau=20.0 ns batch=0
finished tau=20.0 ns batch=1
finished tau=20.0 ns batch=2
finished tau=20.0 ns batch=3
finished tau=20.0 ns batch=4
finished tau=20.0 ns batch=5
finished tau=20.0 ns batch=6
finished tau=20.0 ns batch=7
finished tau=20.0 ns batch=8
finished tau=20.0 ns batch=9
finished tau=20.0 ns batch=10
finished tau=20.0 ns batch=11
finished tau=20.0 ns batch=12
finished tau=20.0 ns batch=13
finished tau=20.0 ns batch=14
finished tau=20.0 ns batch=15
finished tau=20.0 ns batch=16
finished tau=20.0 ns batch=17
finished tau=20.0 ns batch=18
finished tau=20.0 ns batch=19
finished tau=50.0 ns batch=0
finished tau=50.0 ns batch=1
finished tau=50.0 ns batch=2
finished tau=50.0 ns batch=3
finished tau=50.0 ns batch=4
finished tau=50.0 ns batch=5
finished tau=50.0 ns batch=6
finished tau=50.0 ns batch=7
finished tau=50.0 ns batch=8
finished tau=50.0 ns batch=9
finished tau=50.0 ns batch=10
finished tau=50.0 ns batch=11
finished tau=50.0 ns batch=12
finished tau=50.0 ns batch=13
finished tau=50.0 ns batch=14
finished tau=50.0 ns batch=15
finished tau=50.0 ns batch=16
finished tau=50.0 ns batch=17
finished tau=50.0 ns batch=18
finished tau=50.0 ns batch=19
finished tau=100.0 ns batch=0
finished tau=100.0 ns batch=1
finished tau=100.0 ns batch=2
finished tau=100.0 ns batch=3
finished tau=100.0 ns batch=4
finished tau=100.0 ns batch=5
finished tau=100.0 ns batch=6
finished tau=100.0 ns batch=7
finished tau=100.0 ns batch=8
finished tau=100.0 ns batch=9
finished tau=100.0 ns batch=10
finished tau=100.0 ns batch=11
finished tau=100.0 ns batch=12
finished tau=100.0 ns batch=13
finished tau=100.0 ns batch=14
finished tau=100.0 ns batch=15
finished tau=100.0 ns batch=16
finished tau=100.0 ns batch=17
finished tau=100.0 ns batch=18
finished tau=100.0 ns batch=19
finished tau=200.0 ns batch=0
finished tau=200.0 ns batch=1
finished tau=200.0 ns batch=2
finished tau=200.0 ns batch=3
finished tau=200.0 ns batch=4
finished tau=200.0 ns batch=5
finished tau=200.0 ns batch=6
finished tau=200.0 ns batch=7
finished tau=200.0 ns batch=8
finished tau=200.0 ns batch=9
finished tau=200.0 ns batch=10
finished tau=200.0 ns batch=11
finished tau=200.0 ns batch=12
finished tau=200.0 ns batch=13
finished tau=200.0 ns batch=14
finished tau=200.0 ns batch=15
finished tau=200.0 ns batch=16
finished tau=200.0 ns batch=17
finished tau=200.0 ns batch=18
finished tau=200.0 ns batch=19
finished tau=400.0 ns batch=0
finished tau=400.0 ns batch=1
finished tau=400.0 ns batch=2
finished tau=400.0 ns batch=3
finished tau=400.0 ns batch=4
finished tau=400.0 ns batch=5
finished tau=400.0 ns batch=6
finished tau=400.0 ns batch=7
finished tau=400.0 ns batch=8
finished tau=400.0 ns batch=9
finished tau=400.0 ns batch=10
finished tau=400.0 ns batch=11
finished tau=400.0 ns batch=12
finished tau=400.0 ns batch=13
finished tau=400.0 ns batch=14
finished tau=400.0 ns batch=15
finished tau=400.0 ns batch=16
finished tau=400.0 ns batch=17
finished tau=400.0 ns batch=18
finished tau=400.0 ns batch=19
finished tau=800.0 ns batch=0
finished tau=800.0 ns batch=1
finished tau=800.0 ns batch=2
finished tau=800.0 ns batch=3
finished tau=800.0 ns batch=4
finished tau=800.0 ns batch=5
finished tau=800.0 ns batch=6
finished tau=800.0 ns batch=7
finished tau=800.0 ns batch=8
finished tau=800.0 ns batch=9
finished tau=800.0 ns batch=10
finished tau=800.0 ns batch=11
finished tau=800.0 ns batch=12
finished tau=800.0 ns batch=13
finished tau=800.0 ns batch=14
finished tau=800.0 ns batch=15
finished tau=800.0 ns batch=16
finished tau=800.0 ns batch=17
finished tau=800.0 ns batch=18
finished tau=800.0 ns batch=19
Saved selectivity suite to: results_twc/selectivity_20260323_225236
