2026-03-20 21:16:34.070451: E external/local_xla/xla/stream_executor/cuda/cuda_fft.cc:485] Unable to register cuFFT factory: Attempting to register factory for plugin cuFFT when one has already been registered
2026-03-20 21:16:34.273818: E external/local_xla/xla/stream_executor/cuda/cuda_dnn.cc:8454] Unable to register cuDNN factory: Attempting to register factory for plugin cuDNN when one has already been registered
2026-03-20 21:16:34.342031: E external/local_xla/xla/stream_executor/cuda/cuda_blas.cc:1452] Unable to register cuBLAS factory: Attempting to register factory for plugin cuBLAS when one has already been registered
2026-03-20 21:16:34.937781: I tensorflow/core/platform/cpu_feature_guard.cc:210] This TensorFlow binary is optimized to use available CPU instructions in performance-critical operations.
To enable the following instructions: AVX2 FMA, in other operations, rebuild TensorFlow with the appropriate compiler flags.
2026-03-20 21:16:38.898426: W tensorflow/compiler/tf2tensorrt/utils/py_utils.cc:38] TF-TRT Warning: Could not find TensorRT
SIONNA_PROBE_ENV {"num_gpus": 1, "sionna": "1.2.1", "tensorflow": "2.17.0"}
Traceback (most recent call last):
  File "/home/rsadve1/Deep_Unfolding_FR3_20260319/src/fr3_twc/fer.py", line 166, in simulate_5g_nr_fer_curve
    blk = _import_sionna_blocks()
  File "/home/rsadve1/Deep_Unfolding_FR3_20260319/src/fr3_twc/fer.py", line 73, in _import_sionna_blocks
    raise RuntimeError("Could not import Sionna NR blocks. " + " | ".join(errs))
RuntimeError: Could not import Sionna NR blocks. sionna.phy import failed: cannot import name 'BinarySource' from 'sionna.phy.utils' (/home/rsadve1/Deep_Unfolding_FR3_20260319/venv_fr3_twc/lib/python3.10/site-packages/sionna/phy/utils/__init__.py) | sionna legacy import failed: No module named 'sionna.utils'

The above exception was the direct cause of the following exception:

Traceback (most recent call last):
  File "/home/rsadve1/Deep_Unfolding_FR3_20260319/scripts/probe_sionna_fer.py", line 55, in <module>
    main()
  File "/home/rsadve1/Deep_Unfolding_FR3_20260319/scripts/probe_sionna_fer.py", line 28, in main
    curve = simulate_5g_nr_fer_curve(
  File "/home/rsadve1/Deep_Unfolding_FR3_20260319/src/fr3_twc/fer.py", line 250, in simulate_5g_nr_fer_curve
    raise RuntimeError(f"Sionna FER failed: {err}") from e
RuntimeError: Sionna FER failed: Could not import Sionna NR blocks. sionna.phy import failed: cannot import name 'BinarySource' from 'sionna.phy.utils' (/home/rsadve1/Deep_Unfolding_FR3_20260319/venv_fr3_twc/lib/python3.10/site-packages/sionna/phy/utils/__init__.py) | sionna legacy import failed: No module named 'sionna.utils'
