TRAIN_JOB variant=soft root=/home/rsadve1/Deep_Unfolding_FR3_20260319 venv=venv_fr3_twc config=/home/rsadve1/Deep_Unfolding_FR3_20260319/configs/twc_train_final.yaml
2026-03-23 17:57:54.557017: E external/local_xla/xla/stream_executor/cuda/cuda_fft.cc:485] Unable to register cuFFT factory: Attempting to register factory for plugin cuFFT when one has already been registered
2026-03-23 17:57:54.709906: E external/local_xla/xla/stream_executor/cuda/cuda_dnn.cc:8454] Unable to register cuDNN factory: Attempting to register factory for plugin cuDNN when one has already been registered
2026-03-23 17:57:54.762992: E external/local_xla/xla/stream_executor/cuda/cuda_blas.cc:1452] Unable to register cuBLAS factory: Attempting to register factory for plugin cuBLAS when one has already been registered
2026-03-23 17:57:55.172239: I tensorflow/core/platform/cpu_feature_guard.cc:210] This TensorFlow binary is optimized to use available CPU instructions in performance-critical operations.
To enable the following instructions: AVX2 FMA, in other operations, rebuild TensorFlow with the appropriate compiler flags.
2026-03-23 17:58:00.837864: W tensorflow/compiler/tf2tensorrt/utils/py_utils.cc:38] TF-TRT Warning: Could not find TensorRT
2026-03-23 17:58:11.189343: W tensorflow/core/common_runtime/gpu/gpu_bfc_allocator.cc:47] Overriding orig_value setting because the TF_FORCE_GPU_ALLOW_GROWTH environment variable is set. Original config value was 0.
2026-03-23 17:58:11.190854: I tensorflow/core/common_runtime/gpu/gpu_device.cc:2021] Created device /job:localhost/replica:0/task:0/device:GPU:0 with 38484 MB memory:  -> device: 0, name: NVIDIA A100-SXM4-40GB, pci bus id: 0000:01:00.0, compute capability: 8.0
2026-03-23 17:58:14.300944: I tensorflow/core/util/cuda_solvers.cc:178] Creating GpuSolver handles for stream 0x55e29acd2df0
step=0001 variant=soft snr_db=+20.0 loss=-272.3204 wsr=272.320 fs_violation=9.163e-17 lr=1.0000e-03
step=0050 variant=soft snr_db=-5.0 loss=-266.4536 wsr=266.454 fs_violation=4.326e-16 lr=1.0000e-03
step=0100 variant=soft snr_db=-5.0 loss=-292.5891 wsr=292.589 fs_violation=4.214e-15 lr=1.0000e-03
step=0150 variant=soft snr_db=+0.0 loss=-266.6962 wsr=266.696 fs_violation=9.212e-15 lr=1.0000e-03
step=0200 variant=soft snr_db=+25.0 loss=-417.5979 wsr=417.598 fs_violation=0.000e+00 lr=1.0000e-03
step=0250 variant=soft snr_db=+5.0 loss=-331.3588 wsr=331.359 fs_violation=8.060e-17 lr=1.0000e-03
step=0300 variant=soft snr_db=-5.0 loss=-289.3525 wsr=289.352 fs_violation=8.735e-17 lr=1.0000e-03
step=0350 variant=soft snr_db=+10.0 loss=-347.0679 wsr=347.068 fs_violation=2.876e-17 lr=1.0000e-03
step=0400 variant=soft snr_db=+0.0 loss=-304.0595 wsr=304.060 fs_violation=2.998e-16 lr=1.0000e-03
step=0450 variant=soft snr_db=+0.0 loss=-295.1830 wsr=295.183 fs_violation=2.967e-17 lr=1.0000e-03
step=0500 variant=soft snr_db=+20.0 loss=-316.4571 wsr=316.457 fs_violation=7.457e-15 lr=1.0000e-03
step=0550 variant=soft snr_db=+0.0 loss=-336.6227 wsr=336.623 fs_violation=6.960e-17 lr=1.0000e-03
step=0600 variant=soft snr_db=-5.0 loss=-311.1844 wsr=311.184 fs_violation=7.220e-17 lr=1.0000e-03
step=0650 variant=soft snr_db=+0.0 loss=-290.2078 wsr=290.208 fs_violation=8.596e-17 lr=1.0000e-03
step=0700 variant=soft snr_db=-10.0 loss=-254.4627 wsr=254.463 fs_violation=2.712e-16 lr=1.0000e-03
step=0750 variant=soft snr_db=+5.0 loss=-294.0123 wsr=294.012 fs_violation=1.039e-16 lr=1.0000e-03
step=0800 variant=soft snr_db=+25.0 loss=-306.0028 wsr=306.003 fs_violation=3.128e-17 lr=1.0000e-03
step=0850 variant=soft snr_db=+10.0 loss=-349.9716 wsr=349.972 fs_violation=4.312e-17 lr=1.0000e-03
step=0900 variant=soft snr_db=+10.0 loss=-311.2098 wsr=311.210 fs_violation=7.571e-17 lr=1.0000e-03
step=0950 variant=soft snr_db=-5.0 loss=-260.1828 wsr=260.183 fs_violation=2.900e-16 lr=1.0000e-03
step=1000 variant=soft snr_db=+20.0 loss=-269.3886 wsr=269.389 fs_violation=1.339e-14 lr=1.0000e-03
step=1050 variant=soft snr_db=-10.0 loss=-266.4403 wsr=266.440 fs_violation=8.145e-15 lr=1.0000e-03
step=1100 variant=soft snr_db=+15.0 loss=-379.8584 wsr=379.858 fs_violation=3.558e-18 lr=1.0000e-03
step=1150 variant=soft snr_db=+5.0 loss=-291.2945 wsr=291.295 fs_violation=8.983e-17 lr=1.0000e-03
step=1200 variant=soft snr_db=+15.0 loss=-388.3539 wsr=388.354 fs_violation=3.202e-17 lr=1.0000e-03
step=1250 variant=soft snr_db=+15.0 loss=-269.5452 wsr=269.545 fs_violation=3.504e-15 lr=1.0000e-03
step=1300 variant=soft snr_db=+15.0 loss=-434.4070 wsr=434.407 fs_violation=3.388e-21 lr=1.0000e-03
step=1350 variant=soft snr_db=-10.0 loss=-305.1617 wsr=305.162 fs_violation=6.212e-17 lr=1.0000e-03
LR_DECAY step=1400 old_lr=0.001 new_lr=0.0005
step=1400 variant=soft snr_db=+10.0 loss=-395.0062 wsr=395.006 fs_violation=3.390e-17 lr=5.0000e-04
step=1450 variant=soft snr_db=-5.0 loss=-286.6342 wsr=286.634 fs_violation=1.242e-16 lr=5.0000e-04
step=1500 variant=soft snr_db=+5.0 loss=-310.5581 wsr=310.558 fs_violation=4.576e-18 lr=5.0000e-04
step=1550 variant=soft snr_db=+10.0 loss=-408.1944 wsr=408.194 fs_violation=1.611e-17 lr=5.0000e-04
step=1600 variant=soft snr_db=+0.0 loss=-362.1244 wsr=362.124 fs_violation=1.312e-17 lr=5.0000e-04
step=1650 variant=soft snr_db=+10.0 loss=-366.7593 wsr=366.759 fs_violation=2.996e-17 lr=5.0000e-04
step=1700 variant=soft snr_db=+15.0 loss=-332.4138 wsr=332.414 fs_violation=8.521e-17 lr=5.0000e-04
step=1750 variant=soft snr_db=-10.0 loss=-297.0405 wsr=297.041 fs_violation=1.183e-16 lr=5.0000e-04
step=1800 variant=soft snr_db=+15.0 loss=-408.5014 wsr=408.501 fs_violation=0.000e+00 lr=5.0000e-04
step=1850 variant=soft snr_db=+5.0 loss=-297.1876 wsr=297.188 fs_violation=2.356e-16 lr=5.0000e-04
step=1900 variant=soft snr_db=-5.0 loss=-277.3268 wsr=277.327 fs_violation=6.907e-17 lr=5.0000e-04
step=1950 variant=soft snr_db=+20.0 loss=-265.8712 wsr=265.871 fs_violation=3.698e-16 lr=5.0000e-04
step=2000 variant=soft snr_db=+15.0 loss=-337.8202 wsr=337.820 fs_violation=9.294e-17 lr=5.0000e-04
step=2050 variant=soft snr_db=-10.0 loss=-281.6607 wsr=281.661 fs_violation=2.767e-17 lr=5.0000e-04
step=2100 variant=soft snr_db=+10.0 loss=-320.8294 wsr=320.829 fs_violation=7.943e-17 lr=5.0000e-04
step=2150 variant=soft snr_db=+25.0 loss=-284.8674 wsr=284.867 fs_violation=9.966e-17 lr=5.0000e-04
step=2200 variant=soft snr_db=+20.0 loss=-247.1919 wsr=247.192 fs_violation=6.553e-17 lr=5.0000e-04
step=2250 variant=soft snr_db=+15.0 loss=-377.3892 wsr=377.389 fs_violation=3.927e-17 lr=5.0000e-04
step=2300 variant=soft snr_db=+5.0 loss=-448.1559 wsr=448.156 fs_violation=0.000e+00 lr=5.0000e-04
step=2350 variant=soft snr_db=+25.0 loss=-314.3781 wsr=314.378 fs_violation=7.579e-17 lr=5.0000e-04
LR_DECAY step=2400 old_lr=0.0005 new_lr=0.00025
step=2400 variant=soft snr_db=+15.0 loss=-264.9858 wsr=264.986 fs_violation=1.150e-15 lr=2.5000e-04
step=2450 variant=soft snr_db=+5.0 loss=-323.5208 wsr=323.521 fs_violation=6.251e-17 lr=2.5000e-04
step=2500 variant=soft snr_db=+15.0 loss=-344.2785 wsr=344.279 fs_violation=6.330e-17 lr=2.5000e-04
step=2550 variant=soft snr_db=-10.0 loss=-308.5523 wsr=308.552 fs_violation=8.721e-17 lr=2.5000e-04
step=2600 variant=soft snr_db=+10.0 loss=-361.1743 wsr=361.174 fs_violation=4.609e-17 lr=2.5000e-04
step=2650 variant=soft snr_db=-5.0 loss=-271.2344 wsr=271.234 fs_violation=1.070e-15 lr=2.5000e-04
step=2700 variant=soft snr_db=+0.0 loss=-292.2144 wsr=292.214 fs_violation=2.713e-17 lr=2.5000e-04
step=2750 variant=soft snr_db=+5.0 loss=-334.5665 wsr=334.567 fs_violation=6.464e-17 lr=2.5000e-04
step=2800 variant=soft snr_db=+25.0 loss=-382.4764 wsr=382.477 fs_violation=4.383e-17 lr=2.5000e-04
step=2850 variant=soft snr_db=-5.0 loss=-286.2281 wsr=286.228 fs_violation=3.422e-16 lr=2.5000e-04
step=2900 variant=soft snr_db=+15.0 loss=-327.7630 wsr=327.763 fs_violation=7.822e-17 lr=2.5000e-04
step=2950 variant=soft snr_db=+15.0 loss=-383.8622 wsr=383.862 fs_violation=4.903e-17 lr=2.5000e-04
LR_DECAY step=3000 old_lr=0.00025 new_lr=0.000125
step=3000 variant=soft snr_db=+20.0 loss=-298.9784 wsr=298.979 fs_violation=7.849e-17 lr=1.2500e-04
step=3050 variant=soft snr_db=+25.0 loss=-498.5421 wsr=498.542 fs_violation=2.645e-17 lr=1.2500e-04
step=3100 variant=soft snr_db=-5.0 loss=-282.9394 wsr=282.939 fs_violation=8.887e-17 lr=1.2500e-04
step=3150 variant=soft snr_db=+20.0 loss=-354.1869 wsr=354.187 fs_violation=4.632e-17 lr=1.2500e-04
step=3200 variant=soft snr_db=+15.0 loss=-310.5087 wsr=310.509 fs_violation=2.509e-16 lr=1.2500e-04
Saved training outputs to: results_twc/train_soft_20260323_175810
Best checkpoint: results_twc/checkpoints/soft.npz
