TRAIN_JOB variant=soft root=/home/rsadve1/Deep_Unfolding_FR3_20260319 venv=venv_fr3_twc config=/home/rsadve1/Deep_Unfolding_FR3_20260319/configs/twc_train_final.yaml
2026-03-26 12:45:09.015097: E external/local_xla/xla/stream_executor/cuda/cuda_fft.cc:485] Unable to register cuFFT factory: Attempting to register factory for plugin cuFFT when one has already been registered
2026-03-26 12:45:09.171125: E external/local_xla/xla/stream_executor/cuda/cuda_dnn.cc:8454] Unable to register cuDNN factory: Attempting to register factory for plugin cuDNN when one has already been registered
2026-03-26 12:45:09.224980: E external/local_xla/xla/stream_executor/cuda/cuda_blas.cc:1452] Unable to register cuBLAS factory: Attempting to register factory for plugin cuBLAS when one has already been registered
2026-03-26 12:45:09.654661: I tensorflow/core/platform/cpu_feature_guard.cc:210] This TensorFlow binary is optimized to use available CPU instructions in performance-critical operations.
To enable the following instructions: AVX2 FMA, in other operations, rebuild TensorFlow with the appropriate compiler flags.
2026-03-26 12:45:15.735965: W tensorflow/compiler/tf2tensorrt/utils/py_utils.cc:38] TF-TRT Warning: Could not find TensorRT
2026-03-26 12:45:26.760894: W tensorflow/core/common_runtime/gpu/gpu_bfc_allocator.cc:47] Overriding orig_value setting because the TF_FORCE_GPU_ALLOW_GROWTH environment variable is set. Original config value was 0.
2026-03-26 12:45:26.762124: I tensorflow/core/common_runtime/gpu/gpu_device.cc:2021] Created device /job:localhost/replica:0/task:0/device:GPU:0 with 38484 MB memory:  -> device: 0, name: NVIDIA A100-SXM4-40GB, pci bus id: 0000:c1:00.0, compute capability: 8.0
Traceback (most recent call last):
  File "/home/rsadve1/Deep_Unfolding_FR3_20260319/scripts/train_unfolding.py", line 329, in <module>
    main()
  File "/home/rsadve1/Deep_Unfolding_FR3_20260319/scripts/train_unfolding.py", line 246, in main
    result = model(
  File "/home/rsadve1/Deep_Unfolding_FR3_20260319/src/fr3_twc/unfolding.py", line 102, in __call__
    return weighted_wmmse_solve(
  File "/home/rsadve1/Deep_Unfolding_FR3_20260319/src/fr3_twc/solver.py", line 347, in weighted_wmmse_solve
    w = _deterministic_mf_init(
  File "/home/rsadve1/Deep_Unfolding_FR3_20260319/src/fr3_twc/solver.py", line 127, in _deterministic_mf_init
    tf.reduce_sum(tf.abs(w0) ** 2, axis=2, keepdims=True) + _to_complex_tensor(1.0e-12, complex_dtype)
  File "/home/rsadve1/Deep_Unfolding_FR3_20260319/venv_fr3_twc/lib/python3.10/site-packages/tensorflow/python/util/traceback_utils.py", line 153, in error_handler
    raise e.with_traceback(filtered_tb) from None
  File "/home/rsadve1/Deep_Unfolding_FR3_20260319/venv_fr3_twc/lib/python3.10/site-packages/tensorflow/python/framework/ops.py", line 5983, in raise_from_not_ok_status
    raise core._status_to_exception(e) from None  # pylint: disable=protected-access
tensorflow.python.framework.errors_impl.InvalidArgumentError: cannot compute AddV2 as input #1(zero-based) was expected to be a float tensor but is a complex64 tensor [Op:AddV2] name: 
