2026-03-21 10:23:40.284475: E external/local_xla/xla/stream_executor/cuda/cuda_fft.cc:485] Unable to register cuFFT factory: Attempting to register factory for plugin cuFFT when one has already been registered
2026-03-21 10:23:40.306469: E external/local_xla/xla/stream_executor/cuda/cuda_dnn.cc:8454] Unable to register cuDNN factory: Attempting to register factory for plugin cuDNN when one has already been registered
2026-03-21 10:23:40.310941: E external/local_xla/xla/stream_executor/cuda/cuda_blas.cc:1452] Unable to register cuBLAS factory: Attempting to register factory for plugin cuBLAS when one has already been registered
2026-03-21 10:23:40.324928: I tensorflow/core/platform/cpu_feature_guard.cc:210] This TensorFlow binary is optimized to use available CPU instructions in performance-critical operations.
To enable the following instructions: AVX2 FMA, in other operations, rebuild TensorFlow with the appropriate compiler flags.
2026-03-21 10:23:41.571548: W tensorflow/compiler/tf2tensorrt/utils/py_utils.cc:38] TF-TRT Warning: Could not find TensorRT
2026-03-21 10:23:43.959892: W tensorflow/core/common_runtime/gpu/gpu_bfc_allocator.cc:47] Overriding orig_value setting because the TF_FORCE_GPU_ALLOW_GROWTH environment variable is set. Original config value was 0.
2026-03-21 10:23:43.961159: I tensorflow/core/common_runtime/gpu/gpu_device.cc:2021] Created device /job:localhost/replica:0/task:0/device:GPU:0 with 38484 MB memory:  -> device: 0, name: NVIDIA A100-SXM4-40GB, pci bus id: 0000:01:00.0, compute capability: 8.0
/home/rsadve1/Deep_Unfolding_FR3_20260319/src/fr3_sim/channel.py:98: DtypeWarning: Columns (14,15,19,20,56,57,58,59) have mixed types. Specify dtype option on import or set low_memory=False.
  df = pd.read_csv(csvs[0])
/home/rsadve1/Deep_Unfolding_FR3_20260319/src/fr3_sim/channel.py:98: DtypeWarning: Columns (14,15,19,20,56,57,58,59) have mixed types. Specify dtype option on import or set low_memory=False.
  df = pd.read_csv(csvs[0])
2026-03-21 10:23:45.551330: I tensorflow/core/util/cuda_solvers.cc:178] Creating GpuSolver handles for stream 0x5595759647e0
/home/rsadve1/Deep_Unfolding_FR3_20260319/src/fr3_sim/channel.py:98: DtypeWarning: Columns (14,15,19,20,56,57,58,59) have mixed types. Specify dtype option on import or set low_memory=False.
  df = pd.read_csv(csvs[0])
/home/rsadve1/Deep_Unfolding_FR3_20260319/src/fr3_sim/channel.py:98: DtypeWarning: Columns (14,15,19,20,56,57,58,59) have mixed types. Specify dtype option on import or set low_memory=False.
  df = pd.read_csv(csvs[0])
/home/rsadve1/Deep_Unfolding_FR3_20260319/src/fr3_sim/channel.py:98: DtypeWarning: Columns (14,15,19,20,56,57,58,59) have mixed types. Specify dtype option on import or set low_memory=False.
  df = pd.read_csv(csvs[0])
/home/rsadve1/Deep_Unfolding_FR3_20260319/src/fr3_sim/channel.py:98: DtypeWarning: Columns (14,15,19,20,56,57,58,59) have mixed types. Specify dtype option on import or set low_memory=False.
  df = pd.read_csv(csvs[0])
/home/rsadve1/Deep_Unfolding_FR3_20260319/src/fr3_sim/channel.py:98: DtypeWarning: Columns (14,15,19,20,56,57,58,59) have mixed types. Specify dtype option on import or set low_memory=False.
  df = pd.read_csv(csvs[0])
/home/rsadve1/Deep_Unfolding_FR3_20260319/src/fr3_sim/channel.py:98: DtypeWarning: Columns (14,15,19,20,56,57,58,59) have mixed types. Specify dtype option on import or set low_memory=False.
  df = pd.read_csv(csvs[0])
/home/rsadve1/Deep_Unfolding_FR3_20260319/src/fr3_sim/channel.py:98: DtypeWarning: Columns (14,15,19,20,56,57,58,59) have mixed types. Specify dtype option on import or set low_memory=False.
  df = pd.read_csv(csvs[0])
finished scaling point M=16 K=4 -> results_twc/scaling_20260321_102343/subruns/M16_K4_20260321_102344
/home/rsadve1/Deep_Unfolding_FR3_20260319/src/fr3_sim/channel.py:98: DtypeWarning: Columns (14,15,19,20,56,57,58,59) have mixed types. Specify dtype option on import or set low_memory=False.
  df = pd.read_csv(csvs[0])
/home/rsadve1/Deep_Unfolding_FR3_20260319/src/fr3_sim/channel.py:98: DtypeWarning: Columns (14,15,19,20,56,57,58,59) have mixed types. Specify dtype option on import or set low_memory=False.
  df = pd.read_csv(csvs[0])
/home/rsadve1/Deep_Unfolding_FR3_20260319/src/fr3_sim/channel.py:98: DtypeWarning: Columns (14,15,19,20,56,57,58,59) have mixed types. Specify dtype option on import or set low_memory=False.
  df = pd.read_csv(csvs[0])
/home/rsadve1/Deep_Unfolding_FR3_20260319/src/fr3_sim/channel.py:98: DtypeWarning: Columns (14,15,19,20,56,57,58,59) have mixed types. Specify dtype option on import or set low_memory=False.
  df = pd.read_csv(csvs[0])
/home/rsadve1/Deep_Unfolding_FR3_20260319/src/fr3_sim/channel.py:98: DtypeWarning: Columns (14,15,19,20,56,57,58,59) have mixed types. Specify dtype option on import or set low_memory=False.
  df = pd.read_csv(csvs[0])
/home/rsadve1/Deep_Unfolding_FR3_20260319/src/fr3_sim/channel.py:98: DtypeWarning: Columns (14,15,19,20,56,57,58,59) have mixed types. Specify dtype option on import or set low_memory=False.
  df = pd.read_csv(csvs[0])
/home/rsadve1/Deep_Unfolding_FR3_20260319/src/fr3_sim/channel.py:98: DtypeWarning: Columns (14,15,19,20,56,57,58,59) have mixed types. Specify dtype option on import or set low_memory=False.
  df = pd.read_csv(csvs[0])
/home/rsadve1/Deep_Unfolding_FR3_20260319/src/fr3_sim/channel.py:98: DtypeWarning: Columns (14,15,19,20,56,57,58,59) have mixed types. Specify dtype option on import or set low_memory=False.
  df = pd.read_csv(csvs[0])
/home/rsadve1/Deep_Unfolding_FR3_20260319/src/fr3_sim/channel.py:98: DtypeWarning: Columns (14,15,19,20,56,57,58,59) have mixed types. Specify dtype option on import or set low_memory=False.
  df = pd.read_csv(csvs[0])
finished scaling point M=16 K=6 -> results_twc/scaling_20260321_102343/subruns/M16_K6_20260321_102455
/home/rsadve1/Deep_Unfolding_FR3_20260319/src/fr3_sim/channel.py:98: DtypeWarning: Columns (14,15,19,20,56,57,58,59) have mixed types. Specify dtype option on import or set low_memory=False.
  df = pd.read_csv(csvs[0])
/home/rsadve1/Deep_Unfolding_FR3_20260319/src/fr3_sim/channel.py:98: DtypeWarning: Columns (14,15,19,20,56,57,58,59) have mixed types. Specify dtype option on import or set low_memory=False.
  df = pd.read_csv(csvs[0])
/home/rsadve1/Deep_Unfolding_FR3_20260319/src/fr3_sim/channel.py:98: DtypeWarning: Columns (14,15,19,20,56,57,58,59) have mixed types. Specify dtype option on import or set low_memory=False.
  df = pd.read_csv(csvs[0])
/home/rsadve1/Deep_Unfolding_FR3_20260319/src/fr3_sim/channel.py:98: DtypeWarning: Columns (14,15,19,20,56,57,58,59) have mixed types. Specify dtype option on import or set low_memory=False.
  df = pd.read_csv(csvs[0])
/home/rsadve1/Deep_Unfolding_FR3_20260319/src/fr3_sim/channel.py:98: DtypeWarning: Columns (14,15,19,20,56,57,58,59) have mixed types. Specify dtype option on import or set low_memory=False.
  df = pd.read_csv(csvs[0])
/home/rsadve1/Deep_Unfolding_FR3_20260319/src/fr3_sim/channel.py:98: DtypeWarning: Columns (14,15,19,20,56,57,58,59) have mixed types. Specify dtype option on import or set low_memory=False.
  df = pd.read_csv(csvs[0])
/home/rsadve1/Deep_Unfolding_FR3_20260319/src/fr3_sim/channel.py:98: DtypeWarning: Columns (14,15,19,20,56,57,58,59) have mixed types. Specify dtype option on import or set low_memory=False.
  df = pd.read_csv(csvs[0])
/home/rsadve1/Deep_Unfolding_FR3_20260319/src/fr3_sim/channel.py:98: DtypeWarning: Columns (14,15,19,20,56,57,58,59) have mixed types. Specify dtype option on import or set low_memory=False.
  df = pd.read_csv(csvs[0])
/home/rsadve1/Deep_Unfolding_FR3_20260319/src/fr3_sim/channel.py:98: DtypeWarning: Columns (14,15,19,20,56,57,58,59) have mixed types. Specify dtype option on import or set low_memory=False.
  df = pd.read_csv(csvs[0])
finished scaling point M=16 K=8 -> results_twc/scaling_20260321_102343/subruns/M16_K8_20260321_102606
/home/rsadve1/Deep_Unfolding_FR3_20260319/src/fr3_sim/channel.py:98: DtypeWarning: Columns (14,15,19,20,56,57,58,59) have mixed types. Specify dtype option on import or set low_memory=False.
  df = pd.read_csv(csvs[0])
/home/rsadve1/Deep_Unfolding_FR3_20260319/src/fr3_sim/channel.py:98: DtypeWarning: Columns (14,15,19,20,56,57,58,59) have mixed types. Specify dtype option on import or set low_memory=False.
  df = pd.read_csv(csvs[0])
/home/rsadve1/Deep_Unfolding_FR3_20260319/src/fr3_sim/channel.py:98: DtypeWarning: Columns (14,15,19,20,56,57,58,59) have mixed types. Specify dtype option on import or set low_memory=False.
  df = pd.read_csv(csvs[0])
/home/rsadve1/Deep_Unfolding_FR3_20260319/src/fr3_sim/channel.py:98: DtypeWarning: Columns (14,15,19,20,56,57,58,59) have mixed types. Specify dtype option on import or set low_memory=False.
  df = pd.read_csv(csvs[0])
/home/rsadve1/Deep_Unfolding_FR3_20260319/src/fr3_sim/channel.py:98: DtypeWarning: Columns (14,15,19,20,56,57,58,59) have mixed types. Specify dtype option on import or set low_memory=False.
  df = pd.read_csv(csvs[0])
/home/rsadve1/Deep_Unfolding_FR3_20260319/src/fr3_sim/channel.py:98: DtypeWarning: Columns (14,15,19,20,56,57,58,59) have mixed types. Specify dtype option on import or set low_memory=False.
  df = pd.read_csv(csvs[0])
/home/rsadve1/Deep_Unfolding_FR3_20260319/src/fr3_sim/channel.py:98: DtypeWarning: Columns (14,15,19,20,56,57,58,59) have mixed types. Specify dtype option on import or set low_memory=False.
  df = pd.read_csv(csvs[0])
/home/rsadve1/Deep_Unfolding_FR3_20260319/src/fr3_sim/channel.py:98: DtypeWarning: Columns (14,15,19,20,56,57,58,59) have mixed types. Specify dtype option on import or set low_memory=False.
  df = pd.read_csv(csvs[0])
/home/rsadve1/Deep_Unfolding_FR3_20260319/src/fr3_sim/channel.py:98: DtypeWarning: Columns (14,15,19,20,56,57,58,59) have mixed types. Specify dtype option on import or set low_memory=False.
  df = pd.read_csv(csvs[0])
finished scaling point M=32 K=4 -> results_twc/scaling_20260321_102343/subruns/M32_K4_20260321_102716
/home/rsadve1/Deep_Unfolding_FR3_20260319/src/fr3_sim/channel.py:98: DtypeWarning: Columns (14,15,19,20,56,57,58,59) have mixed types. Specify dtype option on import or set low_memory=False.
  df = pd.read_csv(csvs[0])
/home/rsadve1/Deep_Unfolding_FR3_20260319/src/fr3_sim/channel.py:98: DtypeWarning: Columns (14,15,19,20,56,57,58,59) have mixed types. Specify dtype option on import or set low_memory=False.
  df = pd.read_csv(csvs[0])
/home/rsadve1/Deep_Unfolding_FR3_20260319/src/fr3_sim/channel.py:98: DtypeWarning: Columns (14,15,19,20,56,57,58,59) have mixed types. Specify dtype option on import or set low_memory=False.
  df = pd.read_csv(csvs[0])
/home/rsadve1/Deep_Unfolding_FR3_20260319/src/fr3_sim/channel.py:98: DtypeWarning: Columns (14,15,19,20,56,57,58,59) have mixed types. Specify dtype option on import or set low_memory=False.
  df = pd.read_csv(csvs[0])
/home/rsadve1/Deep_Unfolding_FR3_20260319/src/fr3_sim/channel.py:98: DtypeWarning: Columns (14,15,19,20,56,57,58,59) have mixed types. Specify dtype option on import or set low_memory=False.
  df = pd.read_csv(csvs[0])
/home/rsadve1/Deep_Unfolding_FR3_20260319/src/fr3_sim/channel.py:98: DtypeWarning: Columns (14,15,19,20,56,57,58,59) have mixed types. Specify dtype option on import or set low_memory=False.
  df = pd.read_csv(csvs[0])
/home/rsadve1/Deep_Unfolding_FR3_20260319/src/fr3_sim/channel.py:98: DtypeWarning: Columns (14,15,19,20,56,57,58,59) have mixed types. Specify dtype option on import or set low_memory=False.
  df = pd.read_csv(csvs[0])
/home/rsadve1/Deep_Unfolding_FR3_20260319/src/fr3_sim/channel.py:98: DtypeWarning: Columns (14,15,19,20,56,57,58,59) have mixed types. Specify dtype option on import or set low_memory=False.
  df = pd.read_csv(csvs[0])
/home/rsadve1/Deep_Unfolding_FR3_20260319/src/fr3_sim/channel.py:98: DtypeWarning: Columns (14,15,19,20,56,57,58,59) have mixed types. Specify dtype option on import or set low_memory=False.
  df = pd.read_csv(csvs[0])
finished scaling point M=32 K=6 -> results_twc/scaling_20260321_102343/subruns/M32_K6_20260321_102826
/home/rsadve1/Deep_Unfolding_FR3_20260319/src/fr3_sim/channel.py:98: DtypeWarning: Columns (14,15,19,20,56,57,58,59) have mixed types. Specify dtype option on import or set low_memory=False.
  df = pd.read_csv(csvs[0])
/home/rsadve1/Deep_Unfolding_FR3_20260319/src/fr3_sim/channel.py:98: DtypeWarning: Columns (14,15,19,20,56,57,58,59) have mixed types. Specify dtype option on import or set low_memory=False.
  df = pd.read_csv(csvs[0])
/home/rsadve1/Deep_Unfolding_FR3_20260319/src/fr3_sim/channel.py:98: DtypeWarning: Columns (14,15,19,20,56,57,58,59) have mixed types. Specify dtype option on import or set low_memory=False.
  df = pd.read_csv(csvs[0])
/home/rsadve1/Deep_Unfolding_FR3_20260319/src/fr3_sim/channel.py:98: DtypeWarning: Columns (14,15,19,20,56,57,58,59) have mixed types. Specify dtype option on import or set low_memory=False.
  df = pd.read_csv(csvs[0])
/home/rsadve1/Deep_Unfolding_FR3_20260319/src/fr3_sim/channel.py:98: DtypeWarning: Columns (14,15,19,20,56,57,58,59) have mixed types. Specify dtype option on import or set low_memory=False.
  df = pd.read_csv(csvs[0])
/home/rsadve1/Deep_Unfolding_FR3_20260319/src/fr3_sim/channel.py:98: DtypeWarning: Columns (14,15,19,20,56,57,58,59) have mixed types. Specify dtype option on import or set low_memory=False.
  df = pd.read_csv(csvs[0])
/home/rsadve1/Deep_Unfolding_FR3_20260319/src/fr3_sim/channel.py:98: DtypeWarning: Columns (14,15,19,20,56,57,58,59) have mixed types. Specify dtype option on import or set low_memory=False.
  df = pd.read_csv(csvs[0])
/home/rsadve1/Deep_Unfolding_FR3_20260319/src/fr3_sim/channel.py:98: DtypeWarning: Columns (14,15,19,20,56,57,58,59) have mixed types. Specify dtype option on import or set low_memory=False.
  df = pd.read_csv(csvs[0])
/home/rsadve1/Deep_Unfolding_FR3_20260319/src/fr3_sim/channel.py:98: DtypeWarning: Columns (14,15,19,20,56,57,58,59) have mixed types. Specify dtype option on import or set low_memory=False.
  df = pd.read_csv(csvs[0])
finished scaling point M=32 K=8 -> results_twc/scaling_20260321_102343/subruns/M32_K8_20260321_102947
/home/rsadve1/Deep_Unfolding_FR3_20260319/src/fr3_sim/channel.py:98: DtypeWarning: Columns (14,15,19,20,56,57,58,59) have mixed types. Specify dtype option on import or set low_memory=False.
  df = pd.read_csv(csvs[0])
/home/rsadve1/Deep_Unfolding_FR3_20260319/src/fr3_sim/channel.py:98: DtypeWarning: Columns (14,15,19,20,56,57,58,59) have mixed types. Specify dtype option on import or set low_memory=False.
  df = pd.read_csv(csvs[0])
/home/rsadve1/Deep_Unfolding_FR3_20260319/src/fr3_sim/channel.py:98: DtypeWarning: Columns (14,15,19,20,56,57,58,59) have mixed types. Specify dtype option on import or set low_memory=False.
  df = pd.read_csv(csvs[0])
/home/rsadve1/Deep_Unfolding_FR3_20260319/src/fr3_sim/channel.py:98: DtypeWarning: Columns (14,15,19,20,56,57,58,59) have mixed types. Specify dtype option on import or set low_memory=False.
  df = pd.read_csv(csvs[0])
/home/rsadve1/Deep_Unfolding_FR3_20260319/src/fr3_sim/channel.py:98: DtypeWarning: Columns (14,15,19,20,56,57,58,59) have mixed types. Specify dtype option on import or set low_memory=False.
  df = pd.read_csv(csvs[0])
/home/rsadve1/Deep_Unfolding_FR3_20260319/src/fr3_sim/channel.py:98: DtypeWarning: Columns (14,15,19,20,56,57,58,59) have mixed types. Specify dtype option on import or set low_memory=False.
  df = pd.read_csv(csvs[0])
/home/rsadve1/Deep_Unfolding_FR3_20260319/src/fr3_sim/channel.py:98: DtypeWarning: Columns (14,15,19,20,56,57,58,59) have mixed types. Specify dtype option on import or set low_memory=False.
  df = pd.read_csv(csvs[0])
/home/rsadve1/Deep_Unfolding_FR3_20260319/src/fr3_sim/channel.py:98: DtypeWarning: Columns (14,15,19,20,56,57,58,59) have mixed types. Specify dtype option on import or set low_memory=False.
  df = pd.read_csv(csvs[0])
/home/rsadve1/Deep_Unfolding_FR3_20260319/src/fr3_sim/channel.py:98: DtypeWarning: Columns (14,15,19,20,56,57,58,59) have mixed types. Specify dtype option on import or set low_memory=False.
  df = pd.read_csv(csvs[0])
finished scaling point M=64 K=4 -> results_twc/scaling_20260321_102343/subruns/M64_K4_20260321_103101
/home/rsadve1/Deep_Unfolding_FR3_20260319/src/fr3_sim/channel.py:98: DtypeWarning: Columns (14,15,19,20,56,57,58,59) have mixed types. Specify dtype option on import or set low_memory=False.
  df = pd.read_csv(csvs[0])
/home/rsadve1/Deep_Unfolding_FR3_20260319/src/fr3_sim/channel.py:98: DtypeWarning: Columns (14,15,19,20,56,57,58,59) have mixed types. Specify dtype option on import or set low_memory=False.
  df = pd.read_csv(csvs[0])
/home/rsadve1/Deep_Unfolding_FR3_20260319/src/fr3_sim/channel.py:98: DtypeWarning: Columns (14,15,19,20,56,57,58,59) have mixed types. Specify dtype option on import or set low_memory=False.
  df = pd.read_csv(csvs[0])
/home/rsadve1/Deep_Unfolding_FR3_20260319/src/fr3_sim/channel.py:98: DtypeWarning: Columns (14,15,19,20,56,57,58,59) have mixed types. Specify dtype option on import or set low_memory=False.
  df = pd.read_csv(csvs[0])
/home/rsadve1/Deep_Unfolding_FR3_20260319/src/fr3_sim/channel.py:98: DtypeWarning: Columns (14,15,19,20,56,57,58,59) have mixed types. Specify dtype option on import or set low_memory=False.
  df = pd.read_csv(csvs[0])
/home/rsadve1/Deep_Unfolding_FR3_20260319/src/fr3_sim/channel.py:98: DtypeWarning: Columns (14,15,19,20,56,57,58,59) have mixed types. Specify dtype option on import or set low_memory=False.
  df = pd.read_csv(csvs[0])
/home/rsadve1/Deep_Unfolding_FR3_20260319/src/fr3_sim/channel.py:98: DtypeWarning: Columns (14,15,19,20,56,57,58,59) have mixed types. Specify dtype option on import or set low_memory=False.
  df = pd.read_csv(csvs[0])
/home/rsadve1/Deep_Unfolding_FR3_20260319/src/fr3_sim/channel.py:98: DtypeWarning: Columns (14,15,19,20,56,57,58,59) have mixed types. Specify dtype option on import or set low_memory=False.
  df = pd.read_csv(csvs[0])
/home/rsadve1/Deep_Unfolding_FR3_20260319/src/fr3_sim/channel.py:98: DtypeWarning: Columns (14,15,19,20,56,57,58,59) have mixed types. Specify dtype option on import or set low_memory=False.
  df = pd.read_csv(csvs[0])
finished scaling point M=64 K=6 -> results_twc/scaling_20260321_102343/subruns/M64_K6_20260321_103212
/home/rsadve1/Deep_Unfolding_FR3_20260319/src/fr3_sim/channel.py:98: DtypeWarning: Columns (14,15,19,20,56,57,58,59) have mixed types. Specify dtype option on import or set low_memory=False.
  df = pd.read_csv(csvs[0])
/home/rsadve1/Deep_Unfolding_FR3_20260319/src/fr3_sim/channel.py:98: DtypeWarning: Columns (14,15,19,20,56,57,58,59) have mixed types. Specify dtype option on import or set low_memory=False.
  df = pd.read_csv(csvs[0])
/home/rsadve1/Deep_Unfolding_FR3_20260319/src/fr3_sim/channel.py:98: DtypeWarning: Columns (14,15,19,20,56,57,58,59) have mixed types. Specify dtype option on import or set low_memory=False.
  df = pd.read_csv(csvs[0])
/home/rsadve1/Deep_Unfolding_FR3_20260319/src/fr3_sim/channel.py:98: DtypeWarning: Columns (14,15,19,20,56,57,58,59) have mixed types. Specify dtype option on import or set low_memory=False.
  df = pd.read_csv(csvs[0])
/home/rsadve1/Deep_Unfolding_FR3_20260319/src/fr3_sim/channel.py:98: DtypeWarning: Columns (14,15,19,20,56,57,58,59) have mixed types. Specify dtype option on import or set low_memory=False.
  df = pd.read_csv(csvs[0])
/home/rsadve1/Deep_Unfolding_FR3_20260319/src/fr3_sim/channel.py:98: DtypeWarning: Columns (14,15,19,20,56,57,58,59) have mixed types. Specify dtype option on import or set low_memory=False.
  df = pd.read_csv(csvs[0])
/home/rsadve1/Deep_Unfolding_FR3_20260319/src/fr3_sim/channel.py:98: DtypeWarning: Columns (14,15,19,20,56,57,58,59) have mixed types. Specify dtype option on import or set low_memory=False.
  df = pd.read_csv(csvs[0])
/home/rsadve1/Deep_Unfolding_FR3_20260319/src/fr3_sim/channel.py:98: DtypeWarning: Columns (14,15,19,20,56,57,58,59) have mixed types. Specify dtype option on import or set low_memory=False.
  df = pd.read_csv(csvs[0])
/home/rsadve1/Deep_Unfolding_FR3_20260319/src/fr3_sim/channel.py:98: DtypeWarning: Columns (14,15,19,20,56,57,58,59) have mixed types. Specify dtype option on import or set low_memory=False.
  df = pd.read_csv(csvs[0])
finished scaling point M=64 K=8 -> results_twc/scaling_20260321_102343/subruns/M64_K8_20260321_103323
Saved scaling suite to: results_twc/scaling_20260321_102343
