PREFLIGHT_OK mode=figures
Traceback (most recent call last):
  File "/home/rsadve1/Deep_Unfolding_FR3_20260319/venv_fr3_twc/lib/python3.10/site-packages/pandas/core/indexes/base.py", line 3805, in get_loc
    return self._engine.get_loc(casted_key)
  File "index.pyx", line 167, in pandas._libs.index.IndexEngine.get_loc
  File "index.pyx", line 196, in pandas._libs.index.IndexEngine.get_loc
  File "pandas/_libs/hashtable_class_helper.pxi", line 7081, in pandas._libs.hashtable.PyObjectHashTable.get_item
  File "pandas/_libs/hashtable_class_helper.pxi", line 7089, in pandas._libs.hashtable.PyObjectHashTable.get_item
KeyError: 'algorithm'

The above exception was the direct cause of the following exception:

Traceback (most recent call last):
  File "/home/rsadve1/Deep_Unfolding_FR3_20260319/scripts/plot_twc_figures.py", line 307, in <module>
    main()
  File "/home/rsadve1/Deep_Unfolding_FR3_20260319/scripts/plot_twc_figures.py", line 276, in main
    sub = df[df["algorithm"] == algo]
  File "/home/rsadve1/Deep_Unfolding_FR3_20260319/venv_fr3_twc/lib/python3.10/site-packages/pandas/core/frame.py", line 4102, in __getitem__
    indexer = self.columns.get_loc(key)
  File "/home/rsadve1/Deep_Unfolding_FR3_20260319/venv_fr3_twc/lib/python3.10/site-packages/pandas/core/indexes/base.py", line 3812, in get_loc
    raise KeyError(key) from err
KeyError: 'algorithm'
