2026-03-24 15:09:24.158655: E external/local_xla/xla/stream_executor/cuda/cuda_fft.cc:485] Unable to register cuFFT factory: Attempting to register factory for plugin cuFFT when one has already been registered
2026-03-24 15:09:24.305598: E external/local_xla/xla/stream_executor/cuda/cuda_dnn.cc:8454] Unable to register cuDNN factory: Attempting to register factory for plugin cuDNN when one has already been registered
2026-03-24 15:09:24.353211: E external/local_xla/xla/stream_executor/cuda/cuda_blas.cc:1452] Unable to register cuBLAS factory: Attempting to register factory for plugin cuBLAS when one has already been registered
2026-03-24 15:09:24.726454: I tensorflow/core/platform/cpu_feature_guard.cc:210] This TensorFlow binary is optimized to use available CPU instructions in performance-critical operations.
To enable the following instructions: AVX2 FMA, in other operations, rebuild TensorFlow with the appropriate compiler flags.
2026-03-24 15:09:27.346225: W tensorflow/compiler/tf2tensorrt/utils/py_utils.cc:38] TF-TRT Warning: Could not find TensorRT
2026-03-24 15:09:32.325145: W tensorflow/core/common_runtime/gpu/gpu_bfc_allocator.cc:47] Overriding orig_value setting because the TF_FORCE_GPU_ALLOW_GROWTH environment variable is set. Original config value was 0.
2026-03-24 15:09:32.326356: I tensorflow/core/common_runtime/gpu/gpu_device.cc:2021] Created device /job:localhost/replica:0/task:0/device:GPU:0 with 38484 MB memory:  -> device: 0, name: NVIDIA A100-SXM4-40GB, pci bus id: 0000:81:00.0, compute capability: 8.0
2026-03-24 15:09:34.709420: I tensorflow/core/util/cuda_solvers.cc:178] Creating GpuSolver handles for stream 0x5579c3259380
finished scaling point M=16 K=4 -> results_twc/scaling_20260324_150932/subruns/M16_K4_20260324_150932
finished scaling point M=16 K=6 -> results_twc/scaling_20260324_150932/subruns/M16_K6_20260324_154340
finished scaling point M=16 K=8 -> results_twc/scaling_20260324_150932/subruns/M16_K8_20260324_161746
finished scaling point M=32 K=4 -> results_twc/scaling_20260324_150932/subruns/M32_K4_20260324_165154
finished scaling point M=32 K=6 -> results_twc/scaling_20260324_150932/subruns/M32_K6_20260324_172559
finished scaling point M=32 K=8 -> results_twc/scaling_20260324_150932/subruns/M32_K8_20260324_180002
finished scaling point M=64 K=4 -> results_twc/scaling_20260324_150932/subruns/M64_K4_20260324_183344
finished scaling point M=64 K=6 -> results_twc/scaling_20260324_150932/subruns/M64_K6_20260324_190703
finished scaling point M=64 K=8 -> results_twc/scaling_20260324_150932/subruns/M64_K8_20260324_194025
finished scaling point M=96 K=4 -> results_twc/scaling_20260324_150932/subruns/M96_K4_20260324_201401
finished scaling point M=96 K=6 -> results_twc/scaling_20260324_150932/subruns/M96_K6_20260324_204733
finished scaling point M=96 K=8 -> results_twc/scaling_20260324_150932/subruns/M96_K8_20260324_212115
Saved scaling suite to: results_twc/scaling_20260324_150932
