2026-03-21 14:21:34.779983: E external/local_xla/xla/stream_executor/cuda/cuda_fft.cc:485] Unable to register cuFFT factory: Attempting to register factory for plugin cuFFT when one has already been registered
2026-03-21 14:21:34.965858: E external/local_xla/xla/stream_executor/cuda/cuda_dnn.cc:8454] Unable to register cuDNN factory: Attempting to register factory for plugin cuDNN when one has already been registered
2026-03-21 14:21:35.026165: E external/local_xla/xla/stream_executor/cuda/cuda_blas.cc:1452] Unable to register cuBLAS factory: Attempting to register factory for plugin cuBLAS when one has already been registered
2026-03-21 14:21:35.500735: I tensorflow/core/platform/cpu_feature_guard.cc:210] This TensorFlow binary is optimized to use available CPU instructions in performance-critical operations.
To enable the following instructions: AVX2 FMA, in other operations, rebuild TensorFlow with the appropriate compiler flags.
2026-03-21 14:21:38.696439: W tensorflow/compiler/tf2tensorrt/utils/py_utils.cc:38] TF-TRT Warning: Could not find TensorRT
2026-03-21 14:21:45.742503: W tensorflow/core/common_runtime/gpu/gpu_bfc_allocator.cc:47] Overriding orig_value setting because the TF_FORCE_GPU_ALLOW_GROWTH environment variable is set. Original config value was 0.
2026-03-21 14:21:45.747246: I tensorflow/core/common_runtime/gpu/gpu_device.cc:2021] Created device /job:localhost/replica:0/task:0/device:GPU:0 with 38484 MB memory:  -> device: 0, name: NVIDIA A100-SXM4-40GB, pci bus id: 0000:c1:00.0, compute capability: 8.0
2026-03-21 14:21:48.401001: I tensorflow/core/util/cuda_solvers.cc:178] Creating GpuSolver handles for stream 0x55b81ba3d200
finished tau=10.0 ns batch=0
finished tau=10.0 ns batch=1
finished tau=10.0 ns batch=2
finished tau=10.0 ns batch=3
finished tau=10.0 ns batch=4
finished tau=10.0 ns batch=5
finished tau=10.0 ns batch=6
finished tau=10.0 ns batch=7
finished tau=10.0 ns batch=8
finished tau=10.0 ns batch=9
finished tau=10.0 ns batch=10
finished tau=10.0 ns batch=11
finished tau=10.0 ns batch=12
finished tau=10.0 ns batch=13
finished tau=10.0 ns batch=14
finished tau=10.0 ns batch=15
finished tau=20.0 ns batch=0
finished tau=20.0 ns batch=1
finished tau=20.0 ns batch=2
finished tau=20.0 ns batch=3
finished tau=20.0 ns batch=4
finished tau=20.0 ns batch=5
finished tau=20.0 ns batch=6
finished tau=20.0 ns batch=7
finished tau=20.0 ns batch=8
finished tau=20.0 ns batch=9
finished tau=20.0 ns batch=10
finished tau=20.0 ns batch=11
finished tau=20.0 ns batch=12
finished tau=20.0 ns batch=13
finished tau=20.0 ns batch=14
finished tau=20.0 ns batch=15
finished tau=50.0 ns batch=0
finished tau=50.0 ns batch=1
finished tau=50.0 ns batch=2
finished tau=50.0 ns batch=3
finished tau=50.0 ns batch=4
finished tau=50.0 ns batch=5
finished tau=50.0 ns batch=6
finished tau=50.0 ns batch=7
finished tau=50.0 ns batch=8
finished tau=50.0 ns batch=9
finished tau=50.0 ns batch=10
finished tau=50.0 ns batch=11
finished tau=50.0 ns batch=12
finished tau=50.0 ns batch=13
finished tau=50.0 ns batch=14
finished tau=50.0 ns batch=15
finished tau=100.0 ns batch=0
finished tau=100.0 ns batch=1
finished tau=100.0 ns batch=2
finished tau=100.0 ns batch=3
finished tau=100.0 ns batch=4
finished tau=100.0 ns batch=5
finished tau=100.0 ns batch=6
finished tau=100.0 ns batch=7
finished tau=100.0 ns batch=8
finished tau=100.0 ns batch=9
finished tau=100.0 ns batch=10
finished tau=100.0 ns batch=11
finished tau=100.0 ns batch=12
finished tau=100.0 ns batch=13
finished tau=100.0 ns batch=14
finished tau=100.0 ns batch=15
finished tau=200.0 ns batch=0
finished tau=200.0 ns batch=1
finished tau=200.0 ns batch=2
finished tau=200.0 ns batch=3
finished tau=200.0 ns batch=4
finished tau=200.0 ns batch=5
finished tau=200.0 ns batch=6
finished tau=200.0 ns batch=7
finished tau=200.0 ns batch=8
finished tau=200.0 ns batch=9
finished tau=200.0 ns batch=10
finished tau=200.0 ns batch=11
finished tau=200.0 ns batch=12
finished tau=200.0 ns batch=13
finished tau=200.0 ns batch=14
finished tau=200.0 ns batch=15
finished tau=400.0 ns batch=0
finished tau=400.0 ns batch=1
finished tau=400.0 ns batch=2
finished tau=400.0 ns batch=3
finished tau=400.0 ns batch=4
finished tau=400.0 ns batch=5
finished tau=400.0 ns batch=6
finished tau=400.0 ns batch=7
finished tau=400.0 ns batch=8
finished tau=400.0 ns batch=9
finished tau=400.0 ns batch=10
finished tau=400.0 ns batch=11
finished tau=400.0 ns batch=12
finished tau=400.0 ns batch=13
finished tau=400.0 ns batch=14
finished tau=400.0 ns batch=15
finished tau=800.0 ns batch=0
finished tau=800.0 ns batch=1
finished tau=800.0 ns batch=2
finished tau=800.0 ns batch=3
finished tau=800.0 ns batch=4
finished tau=800.0 ns batch=5
finished tau=800.0 ns batch=6
finished tau=800.0 ns batch=7
finished tau=800.0 ns batch=8
finished tau=800.0 ns batch=9
finished tau=800.0 ns batch=10
finished tau=800.0 ns batch=11
finished tau=800.0 ns batch=12
finished tau=800.0 ns batch=13
finished tau=800.0 ns batch=14
finished tau=800.0 ns batch=15
Saved selectivity suite to: results_twc/selectivity_20260321_142145
