TRAIN_JOB variant=cognitive root=/home/rsadve1/Deep_Unfolding_FR3_20260319 venv=venv_fr3_twc config=/home/rsadve1/Deep_Unfolding_FR3_20260319/configs/twc_train_final.yaml
2026-03-23 17:57:54.557637: E external/local_xla/xla/stream_executor/cuda/cuda_fft.cc:485] Unable to register cuFFT factory: Attempting to register factory for plugin cuFFT when one has already been registered
2026-03-23 17:57:54.709709: E external/local_xla/xla/stream_executor/cuda/cuda_dnn.cc:8454] Unable to register cuDNN factory: Attempting to register factory for plugin cuDNN when one has already been registered
2026-03-23 17:57:54.763492: E external/local_xla/xla/stream_executor/cuda/cuda_blas.cc:1452] Unable to register cuBLAS factory: Attempting to register factory for plugin cuBLAS when one has already been registered
2026-03-23 17:57:55.172255: I tensorflow/core/platform/cpu_feature_guard.cc:210] This TensorFlow binary is optimized to use available CPU instructions in performance-critical operations.
To enable the following instructions: AVX2 FMA, in other operations, rebuild TensorFlow with the appropriate compiler flags.
2026-03-23 17:58:00.837939: W tensorflow/compiler/tf2tensorrt/utils/py_utils.cc:38] TF-TRT Warning: Could not find TensorRT
2026-03-23 17:58:11.171853: W tensorflow/core/common_runtime/gpu/gpu_bfc_allocator.cc:47] Overriding orig_value setting because the TF_FORCE_GPU_ALLOW_GROWTH environment variable is set. Original config value was 0.
2026-03-23 17:58:11.173079: I tensorflow/core/common_runtime/gpu/gpu_device.cc:2021] Created device /job:localhost/replica:0/task:0/device:GPU:0 with 38484 MB memory:  -> device: 0, name: NVIDIA A100-SXM4-40GB, pci bus id: 0000:01:00.0, compute capability: 8.0
2026-03-23 17:58:14.257674: I tensorflow/core/util/cuda_solvers.cc:178] Creating GpuSolver handles for stream 0x55e1579aae30
step=0001 variant=cognitive snr_db=+25.0 loss=-450.1838 wsr=450.184 fs_violation=9.543e-17 lr=1.0000e-03
step=0050 variant=cognitive snr_db=-5.0 loss=-348.0106 wsr=348.011 fs_violation=5.564e-18 lr=1.0000e-03
step=0100 variant=cognitive snr_db=+0.0 loss=-475.0204 wsr=475.020 fs_violation=0.000e+00 lr=1.0000e-03
step=0150 variant=cognitive snr_db=+15.0 loss=-420.6237 wsr=420.624 fs_violation=8.470e-22 lr=1.0000e-03
step=0200 variant=cognitive snr_db=+10.0 loss=-549.6501 wsr=549.650 fs_violation=0.000e+00 lr=1.0000e-03
step=0250 variant=cognitive snr_db=-5.0 loss=-436.7830 wsr=436.783 fs_violation=7.013e-17 lr=1.0000e-03
step=0300 variant=cognitive snr_db=+10.0 loss=-483.3639 wsr=483.364 fs_violation=0.000e+00 lr=1.0000e-03
step=0350 variant=cognitive snr_db=+20.0 loss=-331.8564 wsr=331.856 fs_violation=7.275e-17 lr=1.0000e-03
step=0400 variant=cognitive snr_db=+10.0 loss=-533.6925 wsr=533.693 fs_violation=0.000e+00 lr=1.0000e-03
step=0450 variant=cognitive snr_db=+0.0 loss=-386.6135 wsr=386.613 fs_violation=1.089e-17 lr=1.0000e-03
step=0500 variant=cognitive snr_db=+25.0 loss=-538.6523 wsr=538.652 fs_violation=0.000e+00 lr=1.0000e-03
step=0550 variant=cognitive snr_db=+25.0 loss=-511.6388 wsr=511.639 fs_violation=6.119e-17 lr=1.0000e-03
step=0600 variant=cognitive snr_db=+0.0 loss=-493.7928 wsr=493.793 fs_violation=0.000e+00 lr=1.0000e-03
step=0650 variant=cognitive snr_db=+25.0 loss=-442.7569 wsr=442.757 fs_violation=0.000e+00 lr=1.0000e-03
step=0700 variant=cognitive snr_db=+5.0 loss=-415.1491 wsr=415.149 fs_violation=8.851e-17 lr=1.0000e-03
step=0750 variant=cognitive snr_db=-10.0 loss=-312.0188 wsr=312.019 fs_violation=2.600e-17 lr=1.0000e-03
step=0800 variant=cognitive snr_db=-5.0 loss=-443.4348 wsr=443.435 fs_violation=7.131e-18 lr=1.0000e-03
step=0850 variant=cognitive snr_db=+0.0 loss=-532.3370 wsr=532.337 fs_violation=7.725e-17 lr=1.0000e-03
step=0900 variant=cognitive snr_db=+0.0 loss=-467.4525 wsr=467.452 fs_violation=2.541e-21 lr=1.0000e-03
step=0950 variant=cognitive snr_db=-10.0 loss=-295.8380 wsr=295.838 fs_violation=3.752e-18 lr=1.0000e-03
step=1000 variant=cognitive snr_db=+0.0 loss=-392.0117 wsr=392.012 fs_violation=1.526e-17 lr=1.0000e-03
step=1050 variant=cognitive snr_db=+10.0 loss=-456.5176 wsr=456.518 fs_violation=0.000e+00 lr=1.0000e-03
step=1100 variant=cognitive snr_db=-10.0 loss=-324.8401 wsr=324.840 fs_violation=8.250e-17 lr=1.0000e-03
step=1150 variant=cognitive snr_db=-10.0 loss=-297.5870 wsr=297.587 fs_violation=6.857e-17 lr=1.0000e-03
step=1200 variant=cognitive snr_db=+0.0 loss=-519.6920 wsr=519.692 fs_violation=1.340e-17 lr=1.0000e-03
step=1250 variant=cognitive snr_db=+25.0 loss=-400.1993 wsr=400.199 fs_violation=9.866e-17 lr=1.0000e-03
step=1300 variant=cognitive snr_db=+5.0 loss=-505.5215 wsr=505.522 fs_violation=0.000e+00 lr=1.0000e-03
step=1350 variant=cognitive snr_db=+5.0 loss=-450.0012 wsr=450.001 fs_violation=0.000e+00 lr=1.0000e-03
LR_DECAY step=1400 old_lr=0.001 new_lr=0.0005
step=1400 variant=cognitive snr_db=+5.0 loss=-576.8851 wsr=576.885 fs_violation=7.942e-17 lr=5.0000e-04
step=1450 variant=cognitive snr_db=+5.0 loss=-446.6333 wsr=446.633 fs_violation=0.000e+00 lr=5.0000e-04
step=1500 variant=cognitive snr_db=+5.0 loss=-368.4026 wsr=368.403 fs_violation=0.000e+00 lr=5.0000e-04
step=1550 variant=cognitive snr_db=+25.0 loss=-604.1734 wsr=604.173 fs_violation=8.470e-22 lr=5.0000e-04
step=1600 variant=cognitive snr_db=+20.0 loss=-483.3414 wsr=483.341 fs_violation=4.143e-17 lr=5.0000e-04
step=1650 variant=cognitive snr_db=+5.0 loss=-466.5004 wsr=466.500 fs_violation=2.207e-17 lr=5.0000e-04
step=1700 variant=cognitive snr_db=+5.0 loss=-529.4508 wsr=529.451 fs_violation=1.025e-17 lr=5.0000e-04
step=1750 variant=cognitive snr_db=+5.0 loss=-521.8936 wsr=521.894 fs_violation=6.249e-17 lr=5.0000e-04
step=1800 variant=cognitive snr_db=+10.0 loss=-516.1396 wsr=516.140 fs_violation=0.000e+00 lr=5.0000e-04
step=1850 variant=cognitive snr_db=-5.0 loss=-430.9245 wsr=430.925 fs_violation=7.450e-17 lr=5.0000e-04
step=1900 variant=cognitive snr_db=+10.0 loss=-471.0655 wsr=471.066 fs_violation=6.372e-17 lr=5.0000e-04
step=1950 variant=cognitive snr_db=+5.0 loss=-494.3569 wsr=494.357 fs_violation=0.000e+00 lr=5.0000e-04
step=2000 variant=cognitive snr_db=-5.0 loss=-362.4561 wsr=362.456 fs_violation=3.642e-17 lr=5.0000e-04
step=2050 variant=cognitive snr_db=+25.0 loss=-539.9048 wsr=539.905 fs_violation=2.143e-17 lr=5.0000e-04
step=2100 variant=cognitive snr_db=+25.0 loss=-602.3182 wsr=602.318 fs_violation=0.000e+00 lr=5.0000e-04
step=2150 variant=cognitive snr_db=-10.0 loss=-302.2499 wsr=302.250 fs_violation=1.076e-17 lr=5.0000e-04
step=2200 variant=cognitive snr_db=+10.0 loss=-292.8684 wsr=292.869 fs_violation=9.026e-17 lr=5.0000e-04
step=2250 variant=cognitive snr_db=+10.0 loss=-529.3828 wsr=529.383 fs_violation=0.000e+00 lr=5.0000e-04
step=2300 variant=cognitive snr_db=+15.0 loss=-668.9850 wsr=668.985 fs_violation=0.000e+00 lr=5.0000e-04
step=2350 variant=cognitive snr_db=-5.0 loss=-392.9211 wsr=392.921 fs_violation=3.303e-19 lr=5.0000e-04
LR_DECAY step=2400 old_lr=0.0005 new_lr=0.00025
step=2400 variant=cognitive snr_db=+25.0 loss=-529.1860 wsr=529.186 fs_violation=8.470e-22 lr=2.5000e-04
step=2450 variant=cognitive snr_db=+20.0 loss=-459.6175 wsr=459.618 fs_violation=2.804e-17 lr=2.5000e-04
step=2500 variant=cognitive snr_db=+5.0 loss=-485.0973 wsr=485.097 fs_violation=1.294e-17 lr=2.5000e-04
step=2550 variant=cognitive snr_db=+25.0 loss=-591.7454 wsr=591.746 fs_violation=0.000e+00 lr=2.5000e-04
step=2600 variant=cognitive snr_db=+25.0 loss=-579.4055 wsr=579.406 fs_violation=0.000e+00 lr=2.5000e-04
step=2650 variant=cognitive snr_db=+5.0 loss=-399.6897 wsr=399.690 fs_violation=1.288e-16 lr=2.5000e-04
step=2700 variant=cognitive snr_db=+5.0 loss=-468.2219 wsr=468.222 fs_violation=7.471e-19 lr=2.5000e-04
step=2750 variant=cognitive snr_db=-5.0 loss=-414.9867 wsr=414.987 fs_violation=8.311e-17 lr=2.5000e-04
step=2800 variant=cognitive snr_db=+20.0 loss=-498.3317 wsr=498.332 fs_violation=2.413e-17 lr=2.5000e-04
step=2850 variant=cognitive snr_db=+0.0 loss=-382.0497 wsr=382.050 fs_violation=7.558e-17 lr=2.5000e-04
step=2900 variant=cognitive snr_db=+20.0 loss=-457.6380 wsr=457.638 fs_violation=9.113e-17 lr=2.5000e-04
step=2950 variant=cognitive snr_db=+20.0 loss=-657.0434 wsr=657.044 fs_violation=4.185e-17 lr=2.5000e-04
LR_DECAY step=3000 old_lr=0.00025 new_lr=0.000125
step=3000 variant=cognitive snr_db=+25.0 loss=-415.4685 wsr=415.469 fs_violation=2.970e-17 lr=1.2500e-04
step=3050 variant=cognitive snr_db=+10.0 loss=-539.8637 wsr=539.864 fs_violation=1.511e-17 lr=1.2500e-04
step=3100 variant=cognitive snr_db=+5.0 loss=-455.1948 wsr=455.195 fs_violation=3.901e-17 lr=1.2500e-04
step=3150 variant=cognitive snr_db=+20.0 loss=-555.4156 wsr=555.416 fs_violation=0.000e+00 lr=1.2500e-04
step=3200 variant=cognitive snr_db=+0.0 loss=-422.2678 wsr=422.268 fs_violation=1.012e-17 lr=1.2500e-04
Saved training outputs to: results_twc/train_cognitive_20260323_175810
Best checkpoint: results_twc/checkpoints/cognitive.npz
